<?xml version="1.0" encoding="UTF-8"?>
<!-- Generated by org.testng.reporters.JUnitXMLReporter -->
<testsuite hostname="L5-S203661" name="Default test" tests="4" failures="0" timestamp="20 Jun 2020 13:15:04 GMT" time="0.042" errors="0">
  <testcase name="companyName" time="0.0" classname="TestNG.TestCase2">
    <skipped/>
  </testcase> <!-- companyName -->
  <testcase name="data" time="0.006" classname="TestNG.TestCase2"/>
  <testcase name="data" time="0.002" classname="TestNG.TestCase2"/>
  <testcase name="getData2" time="0.0" classname="TestNG.TestCase2">
    <skipped/>
  </testcase> <!-- getData2 -->
</testsuite> <!-- Default test -->
