<?xml version="1.0" encoding="UTF-8"?>
<!-- Generated by org.testng.reporters.JUnitXMLReporter -->
<testsuite hostname="L5-S203661" name="Test" tests="6" failures="0" timestamp="20 Jun 2020 13:14:56 GMT" time="0.058" errors="0">
  <testcase name="testCase1" time="0.014" classname="TestNG.TestCase1"/>
  <testcase name="testCase2" time="0.003" classname="TestNG.TestCase1"/>
  <testcase name="companyName" time="0.0" classname="TestNG.TestCase2">
    <skipped/>
  </testcase> <!-- companyName -->
  <testcase name="data" time="0.001" classname="TestNG.TestCase2"/>
  <testcase name="data" time="0.001" classname="TestNG.TestCase2"/>
  <testcase name="getData2" time="0.002" classname="TestNG.TestCase2"/>
</testsuite> <!-- Test -->
